<?xml version="1.0" encoding="UTF-8"?>
<!-- Generated by org.testng.reporters.JUnitReportReporter -->
<testsuite hostname="Nandan-Laptop" failures="0" tests="2" name="com.email.qa.testcases.TestLoginPage" time="12.586" errors="0" timestamp="2021-07-11T19:51:07 IST" skipped="0">
  <testcase classname="com.email.qa.testcases.TestLoginPage" name="loginPageTitleTest" time="5.613"/>
  <system-out/>
  <testcase classname="com.email.qa.testcases.TestLoginPage" name="loginTest" time="6.973"/>
  <system-out/>
</testsuite> <!-- com.email.qa.testcases.TestLoginPage -->
