<?xml version="1.0" encoding="UTF-8"?>
<!-- Generated by org.testng.reporters.JUnitReportReporter -->
<testsuite hostname="Nandan-Laptop" failures="0" tests="2" name="com.email.qa.testcases.TestLoginPage" time="10.343" errors="0" timestamp="2021-07-11T20:32:06 IST" skipped="0">
  <testcase classname="com.email.qa.testcases.TestLoginPage" name="loginPageTitleTest" time="4.494"/>
  <system-out/>
  <testcase classname="com.email.qa.testcases.TestLoginPage" name="loginTest" time="5.849"/>
  <system-out/>
</testsuite> <!-- com.email.qa.testcases.TestLoginPage -->
